Copyright 1986-2016 Xilinx, Inc. All Rights Reserved.
------------------------------------------------------------------------------------------------------------------------
| Tool Version : Vivado v.2016.4 (win64) Build 1756540 Mon Jan 23 19:11:23 MST 2017
| Date         : Thu Jun 06 11:46:35 2024
| Host         : Stefi running 64-bit major release  (build 9200)
| Command      : report_drc -file ALU_System_drc_routed.rpt -pb ALU_System_drc_routed.pb -rpx ALU_System_drc_routed.rpx
| Design       : ALU_System
| Device       : xc7a35tcpg236-1
| Speed File   : -1
| Design State : Routed
------------------------------------------------------------------------------------------------------------------------

Report DRC

Table of Contents
-----------------
1. REPORT SUMMARY
2. REPORT DETAILS

1. REPORT SUMMARY
-----------------
            Netlist: netlist
          Floorplan: design_1
      Design limits: <entire design considered>
           Ruledeck: default
             Max violations: <unlimited>
             Violations found: 2
+----------+----------+-------------------+------------+
| Rule     | Severity | Description       | Violations |
+----------+----------+-------------------+------------+
| PDRC-153 | Warning  | Gated clock check | 2          |
+----------+----------+-------------------+------------+

2. REPORT DETAILS
-----------------
PDRC-153#1 Warning
Gated clock check  
Net alu_inst/overflow_reg_i_2_n_0 is a gated clock net sourced by a combinational pin alu_inst/overflow_reg_i_2/O, cell alu_inst/overflow_reg_i_2. This is not good design practice and will likely impact performance. For SLICE registers, for example, use the CE pin to control the loading of data.
Related violations: <none>

PDRC-153#2 Warning
Gated clock check  
Net alu_inst/underflow_reg_i_2_n_0 is a gated clock net sourced by a combinational pin alu_inst/underflow_reg_i_2/O, cell alu_inst/underflow_reg_i_2. This is not good design practice and will likely impact performance. For SLICE registers, for example, use the CE pin to control the loading of data.
Related violations: <none>


